<?xml version="1.0" encoding="UTF-8"?>
<testsuite xmlns:xsi="http://www.w3.org/2001/XMLSchema-instance" xsi:noNamespaceSchemaLocation="https://maven.apache.org/surefire/maven-surefire-plugin/xsd/surefire-test-report-3.0.xsd" version="3.0" name="TestSuite" time="0.346" tests="7" errors="0" skipped="0" failures="0">
  <properties>
[...]
</properties>
  <testcase name="testCompareTo[Kyiv, Lviv, -1](1)" classname="task8.Task8Test" time="0.002"/>
  <testcase name="testCompareTo[Hug, Hug, 0](2)" classname="task8.Task8Test" time="0.0"/>
  <testcase name="testCompareTo[Lviv, Kyiv, 1](3)" classname="task8.Task8Test" time="0.0"/>
  <testcase name="testEquals[Java, Java, true](1)" classname="task8.Task8Test" time="0.0"/>
  <testcase name="testEquals[Java, java, false](2)" classname="task8.Task8Test" time="0.0"/>
  <testcase name="testEquals[Absolutely, not same, false](3)" classname="task8.Task8Test" time="0.0"/>
  <testcase name="testWithParameters[Java, Java, a і b однакові](1)" classname="task8.Task8Test" time="0.0"/>
</testsuite>