<?xml version="1.0" encoding="UTF-8"?>
<testng-results ignored="0" total="7" passed="7" failed="0" skipped="0">
  <reporter-output>
  </reporter-output>
  <suite started-at="2025-09-25T21:39:02 EEST" name="Suite1" finished-at="2025-09-25T21:39:02 EEST" duration-ms="37">
    <groups>
    </groups>
    <test started-at="2025-09-25T21:39:02 EEST" name="Task8 Tests" finished-at="2025-09-25T21:39:02 EEST" duration-ms="37">
      <class name="task8.Task8Test">
        <test-method signature="testCompareTo(java.lang.String,java.lang.String,int)[pri:0, instance:task8.Task8Test@3ba9ad43]" started-at="2025-09-25T21:39:02 EEST" name="testCompareTo" data-provider="compare" finished-at="2025-09-25T21:39:02 EEST" duration-ms="3" status="PASS">
          <params>
            <param index="0">
              <value>
                <![CDATA[Kyiv]]>
              </value>
            </param>
            <param index="1">
              <value>
                <![CDATA[Lviv]]>
              </value>
            </param>
            <param index="2">
              <value>
                <![CDATA[-1]]>
              </value>
            </param>
          </params>
          <reporter-output>
          </reporter-output>
        </test-method> <!-- testCompareTo -->
        <test-method signature="testCompareTo(java.lang.String,java.lang.String,int)[pri:0, instance:task8.Task8Test@3ba9ad43]" started-at="2025-09-25T21:39:02 EEST" name="testCompareTo" data-provider="compare" finished-at="2025-09-25T21:39:02 EEST" duration-ms="0" status="PASS">
          <params>
            <param index="0">
              <value>
                <![CDATA[Hug]]>
              </value>
            </param>
            <param index="1">
              <value>
                <![CDATA[Hug]]>
              </value>
            </param>
            <param index="2">
              <value>
                <![CDATA[0]]>
              </value>
            </param>
          </params>
          <reporter-output>
          </reporter-output>
        </test-method> <!-- testCompareTo -->
        <test-method signature="testCompareTo(java.lang.String,java.lang.String,int)[pri:0, instance:task8.Task8Test@3ba9ad43]" started-at="2025-09-25T21:39:02 EEST" name="testCompareTo" data-provider="compare" finished-at="2025-09-25T21:39:02 EEST" duration-ms="0" status="PASS">
          <params>
            <param index="0">
              <value>
                <![CDATA[Lviv]]>
              </value>
            </param>
            <param index="1">
              <value>
                <![CDATA[Kyiv]]>
              </value>
            </param>
            <param index="2">
              <value>
                <![CDATA[1]]>
              </value>
            </param>
          </params>
          <reporter-output>
          </reporter-output>
        </test-method> <!-- testCompareTo -->
        <test-method signature="testEquals(java.lang.String,java.lang.String,boolean)[pri:0, instance:task8.Task8Test@3ba9ad43]" started-at="2025-09-25T21:39:02 EEST" name="testEquals" data-provider="equals" finished-at="2025-09-25T21:39:02 EEST" duration-ms="0" status="PASS">
          <params>
            <param index="0">
              <value>
                <![CDATA[Java]]>
              </value>
            </param>
            <param index="1">
              <value>
                <![CDATA[Java]]>
              </value>
            </param>
            <param index="2">
              <value>
                <![CDATA[true]]>
              </value>
            </param>
          </params>
          <reporter-output>
          </reporter-output>
        </test-method> <!-- testEquals -->
        <test-method signature="testEquals(java.lang.String,java.lang.String,boolean)[pri:0, instance:task8.Task8Test@3ba9ad43]" started-at="2025-09-25T21:39:02 EEST" name="testEquals" data-provider="equals" finished-at="2025-09-25T21:39:02 EEST" duration-ms="1" status="PASS">
          <params>
            <param index="0">
              <value>
                <![CDATA[Java]]>
              </value>
            </param>
            <param index="1">
              <value>
                <![CDATA[java]]>
              </value>
            </param>
            <param index="2">
              <value>
                <![CDATA[false]]>
              </value>
            </param>
          </params>
          <reporter-output>
          </reporter-output>
        </test-method> <!-- testEquals -->
        <test-method signature="testEquals(java.lang.String,java.lang.String,boolean)[pri:0, instance:task8.Task8Test@3ba9ad43]" started-at="2025-09-25T21:39:02 EEST" name="testEquals" data-provider="equals" finished-at="2025-09-25T21:39:02 EEST" duration-ms="0" status="PASS">
          <params>
            <param index="0">
              <value>
                <![CDATA[Absolutely]]>
              </value>
            </param>
            <param index="1">
              <value>
                <![CDATA[not same]]>
              </value>
            </param>
            <param index="2">
              <value>
                <![CDATA[false]]>
              </value>
            </param>
          </params>
          <reporter-output>
          </reporter-output>
        </test-method> <!-- testEquals -->
        <test-method signature="testWithParameters(java.lang.String,java.lang.String,java.lang.String)[pri:0, instance:task8.Task8Test@3ba9ad43]" started-at="2025-09-25T21:39:02 EEST" name="testWithParameters" finished-at="2025-09-25T21:39:02 EEST" duration-ms="1" status="PASS">
          <params>
            <param index="0">
              <value>
                <![CDATA[Java]]>
              </value>
            </param>
            <param index="1">
              <value>
                <![CDATA[Java]]>
              </value>
            </param>
            <param index="2">
              <value>
                <![CDATA[a і b однакові]]>
              </value>
            </param>
          </params>
          <reporter-output>
          </reporter-output>
        </test-method> <!-- testWithParameters -->
      </class> <!-- task8.Task8Test -->
    </test> <!-- Task8 Tests -->
  </suite> <!-- Suite1 -->
</testng-results>
