<?xml version="1.0" encoding="UTF-8"?>
<!-- Generated by org.testng.reporters.JUnitXMLReporter -->
<testsuite ignored="0" hostname="AsusROG" failures="0" tests="7" name="Task8 Tests" time="0.037" errors="0" timestamp="2025-09-25T21:39:02 EEST">
  <testcase classname="task8.Task8Test" name="testCompareTo" time="0.003"/>
  <testcase classname="task8.Task8Test" name="testCompareTo" time="0.0"/>
  <testcase classname="task8.Task8Test" name="testCompareTo" time="0.0"/>
  <testcase classname="task8.Task8Test" name="testEquals" time="0.0"/>
  <testcase classname="task8.Task8Test" name="testEquals" time="0.001"/>
  <testcase classname="task8.Task8Test" name="testEquals" time="0.0"/>
  <testcase classname="task8.Task8Test" name="testWithParameters" time="0.001"/>
</testsuite> <!-- Task8 Tests -->
